ARM GAS  /tmp/ccK1OI05.s 			page 1


   1              		.cpu cortex-m7
   2              		.eabi_attribute 28, 1
   3              		.eabi_attribute 20, 1
   4              		.eabi_attribute 21, 1
   5              		.eabi_attribute 23, 3
   6              		.eabi_attribute 24, 1
   7              		.eabi_attribute 25, 1
   8              		.eabi_attribute 26, 1
   9              		.eabi_attribute 30, 1
  10              		.eabi_attribute 34, 1
  11              		.eabi_attribute 18, 4
  12              		.file	"usbd_cdc_if.c"
  13              		.text
  14              	.Ltext0:
  15              		.cfi_sections	.debug_frame
  16              		.section	.text.CDC_DeInit_FS,"ax",%progbits
  17              		.align	1
  18              		.arch armv7e-m
  19              		.syntax unified
  20              		.thumb
  21              		.thumb_func
  22              		.fpu fpv5-d16
  24              	CDC_DeInit_FS:
  25              	.LFB146:
  26              		.file 1 "USB_DEVICE/App/usbd_cdc_if.c"
   1:USB_DEVICE/App/usbd_cdc_if.c **** /* USER CODE BEGIN Header */
   2:USB_DEVICE/App/usbd_cdc_if.c **** /**
   3:USB_DEVICE/App/usbd_cdc_if.c ****   ******************************************************************************
   4:USB_DEVICE/App/usbd_cdc_if.c ****   * @file           : usbd_cdc_if.c
   5:USB_DEVICE/App/usbd_cdc_if.c ****   * @version        : v1.0_Cube
   6:USB_DEVICE/App/usbd_cdc_if.c ****   * @brief          : Usb device for Virtual Com Port.
   7:USB_DEVICE/App/usbd_cdc_if.c ****   ******************************************************************************
   8:USB_DEVICE/App/usbd_cdc_if.c ****   * @attention
   9:USB_DEVICE/App/usbd_cdc_if.c ****   *
  10:USB_DEVICE/App/usbd_cdc_if.c ****   * Copyright (c) 2022 STMicroelectronics.
  11:USB_DEVICE/App/usbd_cdc_if.c ****   * All rights reserved.
  12:USB_DEVICE/App/usbd_cdc_if.c ****   *
  13:USB_DEVICE/App/usbd_cdc_if.c ****   * This software is licensed under terms that can be found in the LICENSE file
  14:USB_DEVICE/App/usbd_cdc_if.c ****   * in the root directory of this software component.
  15:USB_DEVICE/App/usbd_cdc_if.c ****   * If no LICENSE file comes with this software, it is provided AS-IS.
  16:USB_DEVICE/App/usbd_cdc_if.c ****   *
  17:USB_DEVICE/App/usbd_cdc_if.c ****   ******************************************************************************
  18:USB_DEVICE/App/usbd_cdc_if.c ****   */
  19:USB_DEVICE/App/usbd_cdc_if.c **** /* USER CODE END Header */
  20:USB_DEVICE/App/usbd_cdc_if.c **** 
  21:USB_DEVICE/App/usbd_cdc_if.c **** /* Includes ------------------------------------------------------------------*/
  22:USB_DEVICE/App/usbd_cdc_if.c **** #include "usbd_cdc_if.h"
  23:USB_DEVICE/App/usbd_cdc_if.c **** 
  24:USB_DEVICE/App/usbd_cdc_if.c **** /* USER CODE BEGIN INCLUDE */
  25:USB_DEVICE/App/usbd_cdc_if.c **** 
  26:USB_DEVICE/App/usbd_cdc_if.c **** /* USER CODE END INCLUDE */
  27:USB_DEVICE/App/usbd_cdc_if.c **** 
  28:USB_DEVICE/App/usbd_cdc_if.c **** /* Private typedef -----------------------------------------------------------*/
  29:USB_DEVICE/App/usbd_cdc_if.c **** /* Private define ------------------------------------------------------------*/
  30:USB_DEVICE/App/usbd_cdc_if.c **** /* Private macro -------------------------------------------------------------*/
  31:USB_DEVICE/App/usbd_cdc_if.c **** 
  32:USB_DEVICE/App/usbd_cdc_if.c **** /* USER CODE BEGIN PV */
ARM GAS  /tmp/ccK1OI05.s 			page 2


  33:USB_DEVICE/App/usbd_cdc_if.c **** /* Private variables ---------------------------------------------------------*/
  34:USB_DEVICE/App/usbd_cdc_if.c **** 
  35:USB_DEVICE/App/usbd_cdc_if.c **** /* USER CODE END PV */
  36:USB_DEVICE/App/usbd_cdc_if.c **** 
  37:USB_DEVICE/App/usbd_cdc_if.c **** /** @addtogroup STM32_USB_OTG_DEVICE_LIBRARY
  38:USB_DEVICE/App/usbd_cdc_if.c ****   * @brief Usb device library.
  39:USB_DEVICE/App/usbd_cdc_if.c ****   * @{
  40:USB_DEVICE/App/usbd_cdc_if.c ****   */
  41:USB_DEVICE/App/usbd_cdc_if.c **** 
  42:USB_DEVICE/App/usbd_cdc_if.c **** /** @addtogroup USBD_CDC_IF
  43:USB_DEVICE/App/usbd_cdc_if.c ****   * @{
  44:USB_DEVICE/App/usbd_cdc_if.c ****   */
  45:USB_DEVICE/App/usbd_cdc_if.c **** 
  46:USB_DEVICE/App/usbd_cdc_if.c **** /** @defgroup USBD_CDC_IF_Private_TypesDefinitions USBD_CDC_IF_Private_TypesDefinitions
  47:USB_DEVICE/App/usbd_cdc_if.c ****   * @brief Private types.
  48:USB_DEVICE/App/usbd_cdc_if.c ****   * @{
  49:USB_DEVICE/App/usbd_cdc_if.c ****   */
  50:USB_DEVICE/App/usbd_cdc_if.c **** 
  51:USB_DEVICE/App/usbd_cdc_if.c **** /* USER CODE BEGIN PRIVATE_TYPES */
  52:USB_DEVICE/App/usbd_cdc_if.c **** 
  53:USB_DEVICE/App/usbd_cdc_if.c **** /* USER CODE END PRIVATE_TYPES */
  54:USB_DEVICE/App/usbd_cdc_if.c **** 
  55:USB_DEVICE/App/usbd_cdc_if.c **** /**
  56:USB_DEVICE/App/usbd_cdc_if.c ****   * @}
  57:USB_DEVICE/App/usbd_cdc_if.c ****   */
  58:USB_DEVICE/App/usbd_cdc_if.c **** 
  59:USB_DEVICE/App/usbd_cdc_if.c **** /** @defgroup USBD_CDC_IF_Private_Defines USBD_CDC_IF_Private_Defines
  60:USB_DEVICE/App/usbd_cdc_if.c ****   * @brief Private defines.
  61:USB_DEVICE/App/usbd_cdc_if.c ****   * @{
  62:USB_DEVICE/App/usbd_cdc_if.c ****   */
  63:USB_DEVICE/App/usbd_cdc_if.c **** 
  64:USB_DEVICE/App/usbd_cdc_if.c **** /* USER CODE BEGIN PRIVATE_DEFINES */
  65:USB_DEVICE/App/usbd_cdc_if.c **** /* USER CODE END PRIVATE_DEFINES */
  66:USB_DEVICE/App/usbd_cdc_if.c **** 
  67:USB_DEVICE/App/usbd_cdc_if.c **** /**
  68:USB_DEVICE/App/usbd_cdc_if.c ****   * @}
  69:USB_DEVICE/App/usbd_cdc_if.c ****   */
  70:USB_DEVICE/App/usbd_cdc_if.c **** 
  71:USB_DEVICE/App/usbd_cdc_if.c **** /** @defgroup USBD_CDC_IF_Private_Macros USBD_CDC_IF_Private_Macros
  72:USB_DEVICE/App/usbd_cdc_if.c ****   * @brief Private macros.
  73:USB_DEVICE/App/usbd_cdc_if.c ****   * @{
  74:USB_DEVICE/App/usbd_cdc_if.c ****   */
  75:USB_DEVICE/App/usbd_cdc_if.c **** 
  76:USB_DEVICE/App/usbd_cdc_if.c **** /* USER CODE BEGIN PRIVATE_MACRO */
  77:USB_DEVICE/App/usbd_cdc_if.c **** 
  78:USB_DEVICE/App/usbd_cdc_if.c **** /* USER CODE END PRIVATE_MACRO */
  79:USB_DEVICE/App/usbd_cdc_if.c **** 
  80:USB_DEVICE/App/usbd_cdc_if.c **** /**
  81:USB_DEVICE/App/usbd_cdc_if.c ****   * @}
  82:USB_DEVICE/App/usbd_cdc_if.c ****   */
  83:USB_DEVICE/App/usbd_cdc_if.c **** 
  84:USB_DEVICE/App/usbd_cdc_if.c **** /** @defgroup USBD_CDC_IF_Private_Variables USBD_CDC_IF_Private_Variables
  85:USB_DEVICE/App/usbd_cdc_if.c ****   * @brief Private variables.
  86:USB_DEVICE/App/usbd_cdc_if.c ****   * @{
  87:USB_DEVICE/App/usbd_cdc_if.c ****   */
  88:USB_DEVICE/App/usbd_cdc_if.c **** /* Create buffer for reception and transmission           */
  89:USB_DEVICE/App/usbd_cdc_if.c **** /* It's up to user to redefine and/or remove those define */
ARM GAS  /tmp/ccK1OI05.s 			page 3


  90:USB_DEVICE/App/usbd_cdc_if.c **** /** Received data over USB are stored in this buffer      */
  91:USB_DEVICE/App/usbd_cdc_if.c **** uint8_t UserRxBufferFS[APP_RX_DATA_SIZE];
  92:USB_DEVICE/App/usbd_cdc_if.c **** 
  93:USB_DEVICE/App/usbd_cdc_if.c **** /** Data to send over USB CDC are stored in this buffer   */
  94:USB_DEVICE/App/usbd_cdc_if.c **** uint8_t UserTxBufferFS[APP_TX_DATA_SIZE];
  95:USB_DEVICE/App/usbd_cdc_if.c **** 
  96:USB_DEVICE/App/usbd_cdc_if.c **** /* USER CODE BEGIN PRIVATE_VARIABLES */
  97:USB_DEVICE/App/usbd_cdc_if.c **** 
  98:USB_DEVICE/App/usbd_cdc_if.c **** /* USER CODE END PRIVATE_VARIABLES */
  99:USB_DEVICE/App/usbd_cdc_if.c **** 
 100:USB_DEVICE/App/usbd_cdc_if.c **** /**
 101:USB_DEVICE/App/usbd_cdc_if.c ****   * @}
 102:USB_DEVICE/App/usbd_cdc_if.c ****   */
 103:USB_DEVICE/App/usbd_cdc_if.c **** 
 104:USB_DEVICE/App/usbd_cdc_if.c **** /** @defgroup USBD_CDC_IF_Exported_Variables USBD_CDC_IF_Exported_Variables
 105:USB_DEVICE/App/usbd_cdc_if.c ****   * @brief Public variables.
 106:USB_DEVICE/App/usbd_cdc_if.c ****   * @{
 107:USB_DEVICE/App/usbd_cdc_if.c ****   */
 108:USB_DEVICE/App/usbd_cdc_if.c **** 
 109:USB_DEVICE/App/usbd_cdc_if.c **** extern USBD_HandleTypeDef hUsbDeviceFS;
 110:USB_DEVICE/App/usbd_cdc_if.c **** 
 111:USB_DEVICE/App/usbd_cdc_if.c **** /* USER CODE BEGIN EXPORTED_VARIABLES */
 112:USB_DEVICE/App/usbd_cdc_if.c **** 
 113:USB_DEVICE/App/usbd_cdc_if.c **** /* USER CODE END EXPORTED_VARIABLES */
 114:USB_DEVICE/App/usbd_cdc_if.c **** 
 115:USB_DEVICE/App/usbd_cdc_if.c **** /**
 116:USB_DEVICE/App/usbd_cdc_if.c ****   * @}
 117:USB_DEVICE/App/usbd_cdc_if.c ****   */
 118:USB_DEVICE/App/usbd_cdc_if.c **** 
 119:USB_DEVICE/App/usbd_cdc_if.c **** /** @defgroup USBD_CDC_IF_Private_FunctionPrototypes USBD_CDC_IF_Private_FunctionPrototypes
 120:USB_DEVICE/App/usbd_cdc_if.c ****   * @brief Private functions declaration.
 121:USB_DEVICE/App/usbd_cdc_if.c ****   * @{
 122:USB_DEVICE/App/usbd_cdc_if.c ****   */
 123:USB_DEVICE/App/usbd_cdc_if.c **** 
 124:USB_DEVICE/App/usbd_cdc_if.c **** static int8_t CDC_Init_FS(void);
 125:USB_DEVICE/App/usbd_cdc_if.c **** static int8_t CDC_DeInit_FS(void);
 126:USB_DEVICE/App/usbd_cdc_if.c **** static int8_t CDC_Control_FS(uint8_t cmd, uint8_t* pbuf, uint16_t length);
 127:USB_DEVICE/App/usbd_cdc_if.c **** static int8_t CDC_Receive_FS(uint8_t* pbuf, uint32_t *Len);
 128:USB_DEVICE/App/usbd_cdc_if.c **** static int8_t CDC_TransmitCplt_FS(uint8_t *pbuf, uint32_t *Len, uint8_t epnum);
 129:USB_DEVICE/App/usbd_cdc_if.c **** 
 130:USB_DEVICE/App/usbd_cdc_if.c **** /* USER CODE BEGIN PRIVATE_FUNCTIONS_DECLARATION */
 131:USB_DEVICE/App/usbd_cdc_if.c **** 
 132:USB_DEVICE/App/usbd_cdc_if.c **** /* USER CODE END PRIVATE_FUNCTIONS_DECLARATION */
 133:USB_DEVICE/App/usbd_cdc_if.c **** 
 134:USB_DEVICE/App/usbd_cdc_if.c **** /**
 135:USB_DEVICE/App/usbd_cdc_if.c ****   * @}
 136:USB_DEVICE/App/usbd_cdc_if.c ****   */
 137:USB_DEVICE/App/usbd_cdc_if.c **** 
 138:USB_DEVICE/App/usbd_cdc_if.c **** USBD_CDC_ItfTypeDef USBD_Interface_fops_FS =
 139:USB_DEVICE/App/usbd_cdc_if.c **** {
 140:USB_DEVICE/App/usbd_cdc_if.c ****   CDC_Init_FS,
 141:USB_DEVICE/App/usbd_cdc_if.c ****   CDC_DeInit_FS,
 142:USB_DEVICE/App/usbd_cdc_if.c ****   CDC_Control_FS,
 143:USB_DEVICE/App/usbd_cdc_if.c ****   CDC_Receive_FS,
 144:USB_DEVICE/App/usbd_cdc_if.c ****   CDC_TransmitCplt_FS
 145:USB_DEVICE/App/usbd_cdc_if.c **** };
 146:USB_DEVICE/App/usbd_cdc_if.c **** 
ARM GAS  /tmp/ccK1OI05.s 			page 4


 147:USB_DEVICE/App/usbd_cdc_if.c **** /* Private functions ---------------------------------------------------------*/
 148:USB_DEVICE/App/usbd_cdc_if.c **** /**
 149:USB_DEVICE/App/usbd_cdc_if.c ****   * @brief  Initializes the CDC media low layer over the FS USB IP
 150:USB_DEVICE/App/usbd_cdc_if.c ****   * @retval USBD_OK if all operations are OK else USBD_FAIL
 151:USB_DEVICE/App/usbd_cdc_if.c ****   */
 152:USB_DEVICE/App/usbd_cdc_if.c **** static int8_t CDC_Init_FS(void)
 153:USB_DEVICE/App/usbd_cdc_if.c **** {
 154:USB_DEVICE/App/usbd_cdc_if.c ****   /* USER CODE BEGIN 3 */
 155:USB_DEVICE/App/usbd_cdc_if.c ****   /* Set Application Buffers */
 156:USB_DEVICE/App/usbd_cdc_if.c ****   USBD_CDC_SetTxBuffer(&hUsbDeviceFS, UserTxBufferFS, 0);
 157:USB_DEVICE/App/usbd_cdc_if.c ****   USBD_CDC_SetRxBuffer(&hUsbDeviceFS, UserRxBufferFS);
 158:USB_DEVICE/App/usbd_cdc_if.c ****   return (USBD_OK);
 159:USB_DEVICE/App/usbd_cdc_if.c ****   /* USER CODE END 3 */
 160:USB_DEVICE/App/usbd_cdc_if.c **** }
 161:USB_DEVICE/App/usbd_cdc_if.c **** 
 162:USB_DEVICE/App/usbd_cdc_if.c **** /**
 163:USB_DEVICE/App/usbd_cdc_if.c ****   * @brief  DeInitializes the CDC media low layer
 164:USB_DEVICE/App/usbd_cdc_if.c ****   * @retval USBD_OK if all operations are OK else USBD_FAIL
 165:USB_DEVICE/App/usbd_cdc_if.c ****   */
 166:USB_DEVICE/App/usbd_cdc_if.c **** static int8_t CDC_DeInit_FS(void)
 167:USB_DEVICE/App/usbd_cdc_if.c **** {
  27              		.loc 1 167 1 view -0
  28              		.cfi_startproc
  29              		@ args = 0, pretend = 0, frame = 0
  30              		@ frame_needed = 0, uses_anonymous_args = 0
  31              		@ link register save eliminated.
 168:USB_DEVICE/App/usbd_cdc_if.c ****   /* USER CODE BEGIN 4 */
 169:USB_DEVICE/App/usbd_cdc_if.c ****   return (USBD_OK);
  32              		.loc 1 169 3 view .LVU1
 170:USB_DEVICE/App/usbd_cdc_if.c ****   /* USER CODE END 4 */
 171:USB_DEVICE/App/usbd_cdc_if.c **** }
  33              		.loc 1 171 1 is_stmt 0 view .LVU2
  34 0000 0020     		movs	r0, #0
  35 0002 7047     		bx	lr
  36              		.cfi_endproc
  37              	.LFE146:
  39              		.section	.text.CDC_Control_FS,"ax",%progbits
  40              		.align	1
  41              		.syntax unified
  42              		.thumb
  43              		.thumb_func
  44              		.fpu fpv5-d16
  46              	CDC_Control_FS:
  47              	.LVL0:
  48              	.LFB147:
 172:USB_DEVICE/App/usbd_cdc_if.c **** 
 173:USB_DEVICE/App/usbd_cdc_if.c **** /**
 174:USB_DEVICE/App/usbd_cdc_if.c ****   * @brief  Manage the CDC class requests
 175:USB_DEVICE/App/usbd_cdc_if.c ****   * @param  cmd: Command code
 176:USB_DEVICE/App/usbd_cdc_if.c ****   * @param  pbuf: Buffer containing command data (request parameters)
 177:USB_DEVICE/App/usbd_cdc_if.c ****   * @param  length: Number of data to be sent (in bytes)
 178:USB_DEVICE/App/usbd_cdc_if.c ****   * @retval Result of the operation: USBD_OK if all operations are OK else USBD_FAIL
 179:USB_DEVICE/App/usbd_cdc_if.c ****   */
 180:USB_DEVICE/App/usbd_cdc_if.c **** static int8_t CDC_Control_FS(uint8_t cmd, uint8_t* pbuf, uint16_t length)
 181:USB_DEVICE/App/usbd_cdc_if.c **** {
  49              		.loc 1 181 1 is_stmt 1 view -0
  50              		.cfi_startproc
ARM GAS  /tmp/ccK1OI05.s 			page 5


  51              		@ args = 0, pretend = 0, frame = 0
  52              		@ frame_needed = 0, uses_anonymous_args = 0
  53              		@ link register save eliminated.
 182:USB_DEVICE/App/usbd_cdc_if.c ****   /* USER CODE BEGIN 5 */
 183:USB_DEVICE/App/usbd_cdc_if.c ****   switch(cmd)
  54              		.loc 1 183 3 view .LVU4
 184:USB_DEVICE/App/usbd_cdc_if.c ****   {
 185:USB_DEVICE/App/usbd_cdc_if.c ****     case CDC_SEND_ENCAPSULATED_COMMAND:
 186:USB_DEVICE/App/usbd_cdc_if.c **** 
 187:USB_DEVICE/App/usbd_cdc_if.c ****     break;
 188:USB_DEVICE/App/usbd_cdc_if.c **** 
 189:USB_DEVICE/App/usbd_cdc_if.c ****     case CDC_GET_ENCAPSULATED_RESPONSE:
 190:USB_DEVICE/App/usbd_cdc_if.c **** 
 191:USB_DEVICE/App/usbd_cdc_if.c ****     break;
 192:USB_DEVICE/App/usbd_cdc_if.c **** 
 193:USB_DEVICE/App/usbd_cdc_if.c ****     case CDC_SET_COMM_FEATURE:
 194:USB_DEVICE/App/usbd_cdc_if.c **** 
 195:USB_DEVICE/App/usbd_cdc_if.c ****     break;
 196:USB_DEVICE/App/usbd_cdc_if.c **** 
 197:USB_DEVICE/App/usbd_cdc_if.c ****     case CDC_GET_COMM_FEATURE:
 198:USB_DEVICE/App/usbd_cdc_if.c **** 
 199:USB_DEVICE/App/usbd_cdc_if.c ****     break;
 200:USB_DEVICE/App/usbd_cdc_if.c **** 
 201:USB_DEVICE/App/usbd_cdc_if.c ****     case CDC_CLEAR_COMM_FEATURE:
 202:USB_DEVICE/App/usbd_cdc_if.c **** 
 203:USB_DEVICE/App/usbd_cdc_if.c ****     break;
 204:USB_DEVICE/App/usbd_cdc_if.c **** 
 205:USB_DEVICE/App/usbd_cdc_if.c ****   /*******************************************************************************/
 206:USB_DEVICE/App/usbd_cdc_if.c ****   /* Line Coding Structure                                                       */
 207:USB_DEVICE/App/usbd_cdc_if.c ****   /*-----------------------------------------------------------------------------*/
 208:USB_DEVICE/App/usbd_cdc_if.c ****   /* Offset | Field       | Size | Value  | Description                          */
 209:USB_DEVICE/App/usbd_cdc_if.c ****   /* 0      | dwDTERate   |   4  | Number |Data terminal rate, in bits per second*/
 210:USB_DEVICE/App/usbd_cdc_if.c ****   /* 4      | bCharFormat |   1  | Number | Stop bits                            */
 211:USB_DEVICE/App/usbd_cdc_if.c ****   /*                                        0 - 1 Stop bit                       */
 212:USB_DEVICE/App/usbd_cdc_if.c ****   /*                                        1 - 1.5 Stop bits                    */
 213:USB_DEVICE/App/usbd_cdc_if.c ****   /*                                        2 - 2 Stop bits                      */
 214:USB_DEVICE/App/usbd_cdc_if.c ****   /* 5      | bParityType |  1   | Number | Parity                               */
 215:USB_DEVICE/App/usbd_cdc_if.c ****   /*                                        0 - None                             */
 216:USB_DEVICE/App/usbd_cdc_if.c ****   /*                                        1 - Odd                              */
 217:USB_DEVICE/App/usbd_cdc_if.c ****   /*                                        2 - Even                             */
 218:USB_DEVICE/App/usbd_cdc_if.c ****   /*                                        3 - Mark                             */
 219:USB_DEVICE/App/usbd_cdc_if.c ****   /*                                        4 - Space                            */
 220:USB_DEVICE/App/usbd_cdc_if.c ****   /* 6      | bDataBits  |   1   | Number Data bits (5, 6, 7, 8 or 16).          */
 221:USB_DEVICE/App/usbd_cdc_if.c ****   /*******************************************************************************/
 222:USB_DEVICE/App/usbd_cdc_if.c ****     case CDC_SET_LINE_CODING:
 223:USB_DEVICE/App/usbd_cdc_if.c **** 
 224:USB_DEVICE/App/usbd_cdc_if.c ****     break;
 225:USB_DEVICE/App/usbd_cdc_if.c **** 
 226:USB_DEVICE/App/usbd_cdc_if.c ****     case CDC_GET_LINE_CODING:
 227:USB_DEVICE/App/usbd_cdc_if.c **** 
 228:USB_DEVICE/App/usbd_cdc_if.c ****     break;
 229:USB_DEVICE/App/usbd_cdc_if.c **** 
 230:USB_DEVICE/App/usbd_cdc_if.c ****     case CDC_SET_CONTROL_LINE_STATE:
 231:USB_DEVICE/App/usbd_cdc_if.c **** 
 232:USB_DEVICE/App/usbd_cdc_if.c ****     break;
 233:USB_DEVICE/App/usbd_cdc_if.c **** 
 234:USB_DEVICE/App/usbd_cdc_if.c ****     case CDC_SEND_BREAK:
ARM GAS  /tmp/ccK1OI05.s 			page 6


 235:USB_DEVICE/App/usbd_cdc_if.c **** 
 236:USB_DEVICE/App/usbd_cdc_if.c ****     break;
 237:USB_DEVICE/App/usbd_cdc_if.c **** 
 238:USB_DEVICE/App/usbd_cdc_if.c ****   default:
 239:USB_DEVICE/App/usbd_cdc_if.c ****     break;
 240:USB_DEVICE/App/usbd_cdc_if.c ****   }
 241:USB_DEVICE/App/usbd_cdc_if.c **** 
 242:USB_DEVICE/App/usbd_cdc_if.c ****   return (USBD_OK);
  55              		.loc 1 242 3 view .LVU5
 243:USB_DEVICE/App/usbd_cdc_if.c ****   /* USER CODE END 5 */
 244:USB_DEVICE/App/usbd_cdc_if.c **** }
  56              		.loc 1 244 1 is_stmt 0 view .LVU6
  57 0000 0020     		movs	r0, #0
  58              	.LVL1:
  59              		.loc 1 244 1 view .LVU7
  60 0002 7047     		bx	lr
  61              		.cfi_endproc
  62              	.LFE147:
  64              		.section	.text.CDC_TransmitCplt_FS,"ax",%progbits
  65              		.align	1
  66              		.syntax unified
  67              		.thumb
  68              		.thumb_func
  69              		.fpu fpv5-d16
  71              	CDC_TransmitCplt_FS:
  72              	.LVL2:
  73              	.LFB150:
 245:USB_DEVICE/App/usbd_cdc_if.c **** 
 246:USB_DEVICE/App/usbd_cdc_if.c **** /**
 247:USB_DEVICE/App/usbd_cdc_if.c ****   * @brief  Data received over USB OUT endpoint are sent over CDC interface
 248:USB_DEVICE/App/usbd_cdc_if.c ****   *         through this function.
 249:USB_DEVICE/App/usbd_cdc_if.c ****   *
 250:USB_DEVICE/App/usbd_cdc_if.c ****   *         @note
 251:USB_DEVICE/App/usbd_cdc_if.c ****   *         This function will issue a NAK packet on any OUT packet received on
 252:USB_DEVICE/App/usbd_cdc_if.c ****   *         USB endpoint until exiting this function. If you exit this function
 253:USB_DEVICE/App/usbd_cdc_if.c ****   *         before transfer is complete on CDC interface (ie. using DMA controller)
 254:USB_DEVICE/App/usbd_cdc_if.c ****   *         it will result in receiving more data while previous ones are still
 255:USB_DEVICE/App/usbd_cdc_if.c ****   *         not sent.
 256:USB_DEVICE/App/usbd_cdc_if.c ****   *
 257:USB_DEVICE/App/usbd_cdc_if.c ****   * @param  Buf: Buffer of data to be received
 258:USB_DEVICE/App/usbd_cdc_if.c ****   * @param  Len: Number of data received (in bytes)
 259:USB_DEVICE/App/usbd_cdc_if.c ****   * @retval Result of the operation: USBD_OK if all operations are OK else USBD_FAIL
 260:USB_DEVICE/App/usbd_cdc_if.c ****   */
 261:USB_DEVICE/App/usbd_cdc_if.c **** static int8_t CDC_Receive_FS(uint8_t* Buf, uint32_t *Len)
 262:USB_DEVICE/App/usbd_cdc_if.c **** {
 263:USB_DEVICE/App/usbd_cdc_if.c ****   /* USER CODE BEGIN 6 */
 264:USB_DEVICE/App/usbd_cdc_if.c ****   USBD_CDC_SetRxBuffer(&hUsbDeviceFS, &Buf[0]);
 265:USB_DEVICE/App/usbd_cdc_if.c ****   USBD_CDC_ReceivePacket(&hUsbDeviceFS);
 266:USB_DEVICE/App/usbd_cdc_if.c ****   CDC_Transmit_FS(Buf,*Len);
 267:USB_DEVICE/App/usbd_cdc_if.c ****   return (USBD_OK);
 268:USB_DEVICE/App/usbd_cdc_if.c ****   
 269:USB_DEVICE/App/usbd_cdc_if.c ****   
 270:USB_DEVICE/App/usbd_cdc_if.c ****   //USBD_CDC_SetRxBuffer(&hUsbDeviceFS, &Buf[0]);
 271:USB_DEVICE/App/usbd_cdc_if.c ****   //USBD_CDC_ReceivePacket(&hUsbDeviceFS);
 272:USB_DEVICE/App/usbd_cdc_if.c ****   //return (USBD_OK);
 273:USB_DEVICE/App/usbd_cdc_if.c ****   /* USER CODE END 6 */
 274:USB_DEVICE/App/usbd_cdc_if.c **** }
ARM GAS  /tmp/ccK1OI05.s 			page 7


 275:USB_DEVICE/App/usbd_cdc_if.c **** 
 276:USB_DEVICE/App/usbd_cdc_if.c **** /**
 277:USB_DEVICE/App/usbd_cdc_if.c ****   * @brief  CDC_Transmit_FS
 278:USB_DEVICE/App/usbd_cdc_if.c ****   *         Data to send over USB IN endpoint are sent over CDC interface
 279:USB_DEVICE/App/usbd_cdc_if.c ****   *         through this function.
 280:USB_DEVICE/App/usbd_cdc_if.c ****   *         @note
 281:USB_DEVICE/App/usbd_cdc_if.c ****   *
 282:USB_DEVICE/App/usbd_cdc_if.c ****   *
 283:USB_DEVICE/App/usbd_cdc_if.c ****   * @param  Buf: Buffer of data to be sent
 284:USB_DEVICE/App/usbd_cdc_if.c ****   * @param  Len: Number of data to be sent (in bytes)
 285:USB_DEVICE/App/usbd_cdc_if.c ****   * @retval USBD_OK if all operations are OK else USBD_FAIL or USBD_BUSY
 286:USB_DEVICE/App/usbd_cdc_if.c ****   */
 287:USB_DEVICE/App/usbd_cdc_if.c **** uint8_t CDC_Transmit_FS(uint8_t* Buf, uint16_t Len)
 288:USB_DEVICE/App/usbd_cdc_if.c **** {
 289:USB_DEVICE/App/usbd_cdc_if.c ****   uint8_t result = USBD_OK;
 290:USB_DEVICE/App/usbd_cdc_if.c ****   /* USER CODE BEGIN 7 */
 291:USB_DEVICE/App/usbd_cdc_if.c ****   USBD_CDC_HandleTypeDef *hcdc = (USBD_CDC_HandleTypeDef*)hUsbDeviceFS.pClassData;
 292:USB_DEVICE/App/usbd_cdc_if.c ****   if (hcdc->TxState != 0){
 293:USB_DEVICE/App/usbd_cdc_if.c ****     return USBD_BUSY;
 294:USB_DEVICE/App/usbd_cdc_if.c ****   }
 295:USB_DEVICE/App/usbd_cdc_if.c ****   USBD_CDC_SetTxBuffer(&hUsbDeviceFS, Buf, Len);
 296:USB_DEVICE/App/usbd_cdc_if.c ****   result = USBD_CDC_TransmitPacket(&hUsbDeviceFS);
 297:USB_DEVICE/App/usbd_cdc_if.c ****   /* USER CODE END 7 */
 298:USB_DEVICE/App/usbd_cdc_if.c ****   return result;
 299:USB_DEVICE/App/usbd_cdc_if.c **** }
 300:USB_DEVICE/App/usbd_cdc_if.c **** 
 301:USB_DEVICE/App/usbd_cdc_if.c **** /**
 302:USB_DEVICE/App/usbd_cdc_if.c ****   * @brief  CDC_TransmitCplt_FS
 303:USB_DEVICE/App/usbd_cdc_if.c ****   *         Data transmitted callback
 304:USB_DEVICE/App/usbd_cdc_if.c ****   *
 305:USB_DEVICE/App/usbd_cdc_if.c ****   *         @note
 306:USB_DEVICE/App/usbd_cdc_if.c ****   *         This function is IN transfer complete callback used to inform user that
 307:USB_DEVICE/App/usbd_cdc_if.c ****   *         the submitted Data is successfully sent over USB.
 308:USB_DEVICE/App/usbd_cdc_if.c ****   *
 309:USB_DEVICE/App/usbd_cdc_if.c ****   * @param  Buf: Buffer of data to be received
 310:USB_DEVICE/App/usbd_cdc_if.c ****   * @param  Len: Number of data received (in bytes)
 311:USB_DEVICE/App/usbd_cdc_if.c ****   * @retval Result of the operation: USBD_OK if all operations are OK else USBD_FAIL
 312:USB_DEVICE/App/usbd_cdc_if.c ****   */
 313:USB_DEVICE/App/usbd_cdc_if.c **** static int8_t CDC_TransmitCplt_FS(uint8_t *Buf, uint32_t *Len, uint8_t epnum)
 314:USB_DEVICE/App/usbd_cdc_if.c **** {
  74              		.loc 1 314 1 is_stmt 1 view -0
  75              		.cfi_startproc
  76              		@ args = 0, pretend = 0, frame = 0
  77              		@ frame_needed = 0, uses_anonymous_args = 0
  78              		@ link register save eliminated.
 315:USB_DEVICE/App/usbd_cdc_if.c ****   uint8_t result = USBD_OK;
  79              		.loc 1 315 3 view .LVU9
 316:USB_DEVICE/App/usbd_cdc_if.c ****   /* USER CODE BEGIN 13 */
 317:USB_DEVICE/App/usbd_cdc_if.c ****   UNUSED(Buf);
  80              		.loc 1 317 3 view .LVU10
 318:USB_DEVICE/App/usbd_cdc_if.c ****   UNUSED(Len);
  81              		.loc 1 318 3 view .LVU11
 319:USB_DEVICE/App/usbd_cdc_if.c ****   UNUSED(epnum);
  82              		.loc 1 319 3 view .LVU12
 320:USB_DEVICE/App/usbd_cdc_if.c ****   /* USER CODE END 13 */
 321:USB_DEVICE/App/usbd_cdc_if.c ****   return result;
  83              		.loc 1 321 3 view .LVU13
ARM GAS  /tmp/ccK1OI05.s 			page 8


 322:USB_DEVICE/App/usbd_cdc_if.c **** }
  84              		.loc 1 322 1 is_stmt 0 view .LVU14
  85 0000 0020     		movs	r0, #0
  86              	.LVL3:
  87              		.loc 1 322 1 view .LVU15
  88 0002 7047     		bx	lr
  89              		.cfi_endproc
  90              	.LFE150:
  92              		.section	.text.CDC_Init_FS,"ax",%progbits
  93              		.align	1
  94              		.syntax unified
  95              		.thumb
  96              		.thumb_func
  97              		.fpu fpv5-d16
  99              	CDC_Init_FS:
 100              	.LFB145:
 153:USB_DEVICE/App/usbd_cdc_if.c ****   /* USER CODE BEGIN 3 */
 101              		.loc 1 153 1 is_stmt 1 view -0
 102              		.cfi_startproc
 103              		@ args = 0, pretend = 0, frame = 0
 104              		@ frame_needed = 0, uses_anonymous_args = 0
 105 0000 10B5     		push	{r4, lr}
 106              	.LCFI0:
 107              		.cfi_def_cfa_offset 8
 108              		.cfi_offset 4, -8
 109              		.cfi_offset 14, -4
 156:USB_DEVICE/App/usbd_cdc_if.c ****   USBD_CDC_SetRxBuffer(&hUsbDeviceFS, UserRxBufferFS);
 110              		.loc 1 156 3 view .LVU17
 111 0002 064C     		ldr	r4, .L6
 112 0004 0022     		movs	r2, #0
 113 0006 0649     		ldr	r1, .L6+4
 114 0008 2046     		mov	r0, r4
 115 000a FFF7FEFF 		bl	USBD_CDC_SetTxBuffer
 116              	.LVL4:
 157:USB_DEVICE/App/usbd_cdc_if.c ****   return (USBD_OK);
 117              		.loc 1 157 3 view .LVU18
 118 000e 0549     		ldr	r1, .L6+8
 119 0010 2046     		mov	r0, r4
 120 0012 FFF7FEFF 		bl	USBD_CDC_SetRxBuffer
 121              	.LVL5:
 158:USB_DEVICE/App/usbd_cdc_if.c ****   /* USER CODE END 3 */
 122              		.loc 1 158 3 view .LVU19
 160:USB_DEVICE/App/usbd_cdc_if.c **** 
 123              		.loc 1 160 1 is_stmt 0 view .LVU20
 124 0016 0020     		movs	r0, #0
 125 0018 10BD     		pop	{r4, pc}
 126              	.L7:
 127 001a 00BF     		.align	2
 128              	.L6:
 129 001c 00000000 		.word	hUsbDeviceFS
 130 0020 00000000 		.word	UserTxBufferFS
 131 0024 00000000 		.word	UserRxBufferFS
 132              		.cfi_endproc
 133              	.LFE145:
 135              		.section	.text.CDC_Transmit_FS,"ax",%progbits
 136              		.align	1
 137              		.global	CDC_Transmit_FS
ARM GAS  /tmp/ccK1OI05.s 			page 9


 138              		.syntax unified
 139              		.thumb
 140              		.thumb_func
 141              		.fpu fpv5-d16
 143              	CDC_Transmit_FS:
 144              	.LVL6:
 145              	.LFB149:
 288:USB_DEVICE/App/usbd_cdc_if.c ****   uint8_t result = USBD_OK;
 146              		.loc 1 288 1 is_stmt 1 view -0
 147              		.cfi_startproc
 148              		@ args = 0, pretend = 0, frame = 0
 149              		@ frame_needed = 0, uses_anonymous_args = 0
 289:USB_DEVICE/App/usbd_cdc_if.c ****   /* USER CODE BEGIN 7 */
 150              		.loc 1 289 3 view .LVU22
 291:USB_DEVICE/App/usbd_cdc_if.c ****   if (hcdc->TxState != 0){
 151              		.loc 1 291 3 view .LVU23
 291:USB_DEVICE/App/usbd_cdc_if.c ****   if (hcdc->TxState != 0){
 152              		.loc 1 291 27 is_stmt 0 view .LVU24
 153 0000 094B     		ldr	r3, .L16
 154 0002 D3F8BC32 		ldr	r3, [r3, #700]
 155              	.LVL7:
 292:USB_DEVICE/App/usbd_cdc_if.c ****     return USBD_BUSY;
 156              		.loc 1 292 3 is_stmt 1 view .LVU25
 292:USB_DEVICE/App/usbd_cdc_if.c ****     return USBD_BUSY;
 157              		.loc 1 292 11 is_stmt 0 view .LVU26
 158 0006 D3F81432 		ldr	r3, [r3, #532]
 159              	.LVL8:
 292:USB_DEVICE/App/usbd_cdc_if.c ****     return USBD_BUSY;
 160              		.loc 1 292 6 view .LVU27
 161 000a 0BB1     		cbz	r3, .L15
 293:USB_DEVICE/App/usbd_cdc_if.c ****   }
 162              		.loc 1 293 12 view .LVU28
 163 000c 0120     		movs	r0, #1
 164              	.LVL9:
 299:USB_DEVICE/App/usbd_cdc_if.c **** 
 165              		.loc 1 299 1 view .LVU29
 166 000e 7047     		bx	lr
 167              	.LVL10:
 168              	.L15:
 288:USB_DEVICE/App/usbd_cdc_if.c ****   uint8_t result = USBD_OK;
 169              		.loc 1 288 1 view .LVU30
 170 0010 10B5     		push	{r4, lr}
 171              	.LCFI1:
 172              		.cfi_def_cfa_offset 8
 173              		.cfi_offset 4, -8
 174              		.cfi_offset 14, -4
 295:USB_DEVICE/App/usbd_cdc_if.c ****   result = USBD_CDC_TransmitPacket(&hUsbDeviceFS);
 175              		.loc 1 295 3 is_stmt 1 view .LVU31
 176 0012 054C     		ldr	r4, .L16
 177              	.LVL11:
 295:USB_DEVICE/App/usbd_cdc_if.c ****   result = USBD_CDC_TransmitPacket(&hUsbDeviceFS);
 178              		.loc 1 295 3 is_stmt 0 view .LVU32
 179 0014 0A46     		mov	r2, r1
 180 0016 0146     		mov	r1, r0
 181              	.LVL12:
 295:USB_DEVICE/App/usbd_cdc_if.c ****   result = USBD_CDC_TransmitPacket(&hUsbDeviceFS);
 182              		.loc 1 295 3 view .LVU33
ARM GAS  /tmp/ccK1OI05.s 			page 10


 183 0018 2046     		mov	r0, r4
 184              	.LVL13:
 295:USB_DEVICE/App/usbd_cdc_if.c ****   result = USBD_CDC_TransmitPacket(&hUsbDeviceFS);
 185              		.loc 1 295 3 view .LVU34
 186 001a FFF7FEFF 		bl	USBD_CDC_SetTxBuffer
 187              	.LVL14:
 296:USB_DEVICE/App/usbd_cdc_if.c ****   /* USER CODE END 7 */
 188              		.loc 1 296 3 is_stmt 1 view .LVU35
 296:USB_DEVICE/App/usbd_cdc_if.c ****   /* USER CODE END 7 */
 189              		.loc 1 296 12 is_stmt 0 view .LVU36
 190 001e 2046     		mov	r0, r4
 191 0020 FFF7FEFF 		bl	USBD_CDC_TransmitPacket
 192              	.LVL15:
 298:USB_DEVICE/App/usbd_cdc_if.c **** }
 193              		.loc 1 298 3 is_stmt 1 view .LVU37
 299:USB_DEVICE/App/usbd_cdc_if.c **** 
 194              		.loc 1 299 1 is_stmt 0 view .LVU38
 195 0024 10BD     		pop	{r4, pc}
 196              	.L17:
 197 0026 00BF     		.align	2
 198              	.L16:
 199 0028 00000000 		.word	hUsbDeviceFS
 200              		.cfi_endproc
 201              	.LFE149:
 203              		.section	.text.CDC_Receive_FS,"ax",%progbits
 204              		.align	1
 205              		.syntax unified
 206              		.thumb
 207              		.thumb_func
 208              		.fpu fpv5-d16
 210              	CDC_Receive_FS:
 211              	.LVL16:
 212              	.LFB148:
 262:USB_DEVICE/App/usbd_cdc_if.c ****   /* USER CODE BEGIN 6 */
 213              		.loc 1 262 1 is_stmt 1 view -0
 214              		.cfi_startproc
 215              		@ args = 0, pretend = 0, frame = 0
 216              		@ frame_needed = 0, uses_anonymous_args = 0
 262:USB_DEVICE/App/usbd_cdc_if.c ****   /* USER CODE BEGIN 6 */
 217              		.loc 1 262 1 is_stmt 0 view .LVU40
 218 0000 70B5     		push	{r4, r5, r6, lr}
 219              	.LCFI2:
 220              		.cfi_def_cfa_offset 16
 221              		.cfi_offset 4, -16
 222              		.cfi_offset 5, -12
 223              		.cfi_offset 6, -8
 224              		.cfi_offset 14, -4
 225 0002 0446     		mov	r4, r0
 226 0004 0D46     		mov	r5, r1
 264:USB_DEVICE/App/usbd_cdc_if.c ****   USBD_CDC_ReceivePacket(&hUsbDeviceFS);
 227              		.loc 1 264 3 is_stmt 1 view .LVU41
 228 0006 074E     		ldr	r6, .L20
 229 0008 0146     		mov	r1, r0
 230              	.LVL17:
 264:USB_DEVICE/App/usbd_cdc_if.c ****   USBD_CDC_ReceivePacket(&hUsbDeviceFS);
 231              		.loc 1 264 3 is_stmt 0 view .LVU42
 232 000a 3046     		mov	r0, r6
ARM GAS  /tmp/ccK1OI05.s 			page 11


 233              	.LVL18:
 264:USB_DEVICE/App/usbd_cdc_if.c ****   USBD_CDC_ReceivePacket(&hUsbDeviceFS);
 234              		.loc 1 264 3 view .LVU43
 235 000c FFF7FEFF 		bl	USBD_CDC_SetRxBuffer
 236              	.LVL19:
 265:USB_DEVICE/App/usbd_cdc_if.c ****   CDC_Transmit_FS(Buf,*Len);
 237              		.loc 1 265 3 is_stmt 1 view .LVU44
 238 0010 3046     		mov	r0, r6
 239 0012 FFF7FEFF 		bl	USBD_CDC_ReceivePacket
 240              	.LVL20:
 266:USB_DEVICE/App/usbd_cdc_if.c ****   return (USBD_OK);
 241              		.loc 1 266 3 view .LVU45
 242 0016 2988     		ldrh	r1, [r5]
 243 0018 2046     		mov	r0, r4
 244 001a FFF7FEFF 		bl	CDC_Transmit_FS
 245              	.LVL21:
 267:USB_DEVICE/App/usbd_cdc_if.c ****   
 246              		.loc 1 267 3 view .LVU46
 274:USB_DEVICE/App/usbd_cdc_if.c **** 
 247              		.loc 1 274 1 is_stmt 0 view .LVU47
 248 001e 0020     		movs	r0, #0
 249 0020 70BD     		pop	{r4, r5, r6, pc}
 250              	.LVL22:
 251              	.L21:
 274:USB_DEVICE/App/usbd_cdc_if.c **** 
 252              		.loc 1 274 1 view .LVU48
 253 0022 00BF     		.align	2
 254              	.L20:
 255 0024 00000000 		.word	hUsbDeviceFS
 256              		.cfi_endproc
 257              	.LFE148:
 259              		.global	USBD_Interface_fops_FS
 260              		.comm	UserTxBufferFS,2048,4
 261              		.comm	UserRxBufferFS,2048,4
 262              		.section	.data.USBD_Interface_fops_FS,"aw"
 263              		.align	2
 266              	USBD_Interface_fops_FS:
 267 0000 00000000 		.word	CDC_Init_FS
 268 0004 00000000 		.word	CDC_DeInit_FS
 269 0008 00000000 		.word	CDC_Control_FS
 270 000c 00000000 		.word	CDC_Receive_FS
 271 0010 00000000 		.word	CDC_TransmitCplt_FS
 272              		.text
 273              	.Letext0:
 274              		.file 2 "/usr/include/newlib/machine/_default_types.h"
 275              		.file 3 "/usr/lib/gcc/arm-none-eabi/9.2.1/include/stddef.h"
 276              		.file 4 "/usr/include/newlib/sys/_types.h"
 277              		.file 5 "/usr/include/newlib/sys/reent.h"
 278              		.file 6 "/usr/include/newlib/sys/lock.h"
 279              		.file 7 "/usr/include/newlib/sys/_stdint.h"
 280              		.file 8 "/usr/include/newlib/stdlib.h"
 281              		.file 9 "Drivers/CMSIS/Include/core_cm7.h"
 282              		.file 10 "Drivers/CMSIS/Device/ST/STM32F7xx/Include/system_stm32f7xx.h"
 283              		.file 11 "Drivers/STM32F7xx_HAL_Driver/Inc/stm32f7xx_hal.h"
 284              		.file 12 "Middlewares/ST/STM32_USB_Device_Library/Core/Inc/usbd_def.h"
 285              		.file 13 "Middlewares/ST/STM32_USB_Device_Library/Class/CDC/Inc/usbd_cdc.h"
 286              		.file 14 "USB_DEVICE/App/usbd_cdc_if.h"
ARM GAS  /tmp/ccK1OI05.s 			page 12


ARM GAS  /tmp/ccK1OI05.s 			page 13


DEFINED SYMBOLS
                            *ABS*:0000000000000000 usbd_cdc_if.c
     /tmp/ccK1OI05.s:17     .text.CDC_DeInit_FS:0000000000000000 $t
     /tmp/ccK1OI05.s:24     .text.CDC_DeInit_FS:0000000000000000 CDC_DeInit_FS
     /tmp/ccK1OI05.s:40     .text.CDC_Control_FS:0000000000000000 $t
     /tmp/ccK1OI05.s:46     .text.CDC_Control_FS:0000000000000000 CDC_Control_FS
     /tmp/ccK1OI05.s:65     .text.CDC_TransmitCplt_FS:0000000000000000 $t
     /tmp/ccK1OI05.s:71     .text.CDC_TransmitCplt_FS:0000000000000000 CDC_TransmitCplt_FS
     /tmp/ccK1OI05.s:93     .text.CDC_Init_FS:0000000000000000 $t
     /tmp/ccK1OI05.s:99     .text.CDC_Init_FS:0000000000000000 CDC_Init_FS
     /tmp/ccK1OI05.s:129    .text.CDC_Init_FS:000000000000001c $d
                            *COM*:0000000000000800 UserTxBufferFS
                            *COM*:0000000000000800 UserRxBufferFS
     /tmp/ccK1OI05.s:136    .text.CDC_Transmit_FS:0000000000000000 $t
     /tmp/ccK1OI05.s:143    .text.CDC_Transmit_FS:0000000000000000 CDC_Transmit_FS
     /tmp/ccK1OI05.s:199    .text.CDC_Transmit_FS:0000000000000028 $d
     /tmp/ccK1OI05.s:204    .text.CDC_Receive_FS:0000000000000000 $t
     /tmp/ccK1OI05.s:210    .text.CDC_Receive_FS:0000000000000000 CDC_Receive_FS
     /tmp/ccK1OI05.s:255    .text.CDC_Receive_FS:0000000000000024 $d
     /tmp/ccK1OI05.s:266    .data.USBD_Interface_fops_FS:0000000000000000 USBD_Interface_fops_FS
     /tmp/ccK1OI05.s:263    .data.USBD_Interface_fops_FS:0000000000000000 $d

UNDEFINED SYMBOLS
USBD_CDC_SetTxBuffer
USBD_CDC_SetRxBuffer
hUsbDeviceFS
USBD_CDC_TransmitPacket
USBD_CDC_ReceivePacket
